{
  "RSpec": {
    "coverage": {
      "/Users/elliotjennings/Desktop/makers/week-3/weekend-challenge/RPS/lib/app.rb": [
        1,
        1,
        1,
        null,
        1,
        9,
        null,
        null,
        1,
        6,
        6,
        null,
        null,
        1,
        6,
        6,
        null,
        null,
        1,
        4,
        4,
        null,
        null,
        1,
        4,
        4,
        4,
        4,
        4,
        null,
        null,
        1,
        null
      ],
      "/Users/elliotjennings/Desktop/makers/week-3/weekend-challenge/RPS/lib/model.rb": [
        1,
        null,
        1,
        null,
        1,
        9,
        null,
        null,
        1,
        7,
        null,
        null,
        1,
        11,
        null,
        null,
        null,
        1,
        null,
        1,
        null,
        1,
        8,
        8,
        null,
        null,
        1,
        5,
        null,
        null,
        1,
        9,
        null,
        null,
        null,
        1,
        null,
        1,
        1,
        null,
        null,
        1,
        2,
        null,
        null,
        null,
        null,
        null,
        null,
        1,
        3,
        2,
        null,
        null
      ],
      "/Users/elliotjennings/Desktop/makers/week-3/weekend-challenge/RPS/spec/features/features_spec.rb": [
        1,
        null,
        1,
        1,
        1,
        1,
        null,
        null,
        null,
        1,
        1,
        1,
        1,
        null,
        null,
        null,
        1,
        1,
        1,
        1,
        null,
        null,
        1,
        1,
        1,
        1,
        1,
        1,
        null,
        null,
        null,
        1,
        1,
        1,
        1,
        1,
        1,
        null,
        null,
        null,
        1,
        1,
        1,
        1,
        1,
        1,
        1,
        1,
        1,
        1,
        null,
        null,
        null,
        1,
        1,
        1,
        1,
        1,
        1,
        1,
        1,
        1,
        1,
        null,
        null,
        null,
        1,
        1,
        1,
        1,
        1,
        1,
        1,
        1,
        1,
        1,
        null,
        null,
        null,
        1,
        1,
        1,
        1,
        1,
        1,
        1,
        1,
        1,
        1,
        null,
        null,
        null
      ],
      "/Users/elliotjennings/Desktop/makers/week-3/weekend-challenge/RPS/spec/model_spec.rb": [
        1,
        null,
        1,
        1,
        3,
        null,
        1,
        1,
        null,
        null,
        1,
        1,
        null,
        null,
        1,
        1,
        null,
        null,
        null,
        1,
        1,
        2,
        4,
        null,
        1,
        1,
        null,
        null,
        1,
        1,
        null,
        null,
        1,
        1,
        null,
        null,
        1,
        1,
        null,
        null,
        null,
        1,
        1,
        1,
        1,
        null,
        1,
        1,
        1,
        null,
        null,
        1,
        1,
        1,
        null,
        null,
        1,
        1,
        null,
        null,
        1,
        1,
        null,
        null,
        1,
        1,
        null,
        null
      ]
    },
    "timestamp": 1548508212
  }
}
